<?xml version="1.0" encoding="UTF-8"?>
<testng-results ignored="0" total="1" passed="1" failed="0" skipped="0">
  <reporter-output>
  </reporter-output>
  <suite started-at="2024-04-09T18:07:15 IST" name="Suite" finished-at="2024-04-09T18:08:07 IST" duration-ms="51326">
    <groups>
    </groups>
    <test started-at="2024-04-09T18:07:15 IST" name="Test" finished-at="2024-04-09T18:08:07 IST" duration-ms="51326">
      <class name="com.java.pack.BrowserLaunch">
        <test-method signature="m()[pri:0, instance:com.java.pack.BrowserLaunch@1afd44cb]" started-at="2024-04-09T18:07:16 IST" name="m" finished-at="2024-04-09T18:08:07 IST" duration-ms="51020" status="PASS">
          <reporter-output>
          </reporter-output>
        </test-method> <!-- m -->
      </class> <!-- com.java.pack.BrowserLaunch -->
    </test> <!-- Test -->
  </suite> <!-- Suite -->
</testng-results>
